-------------------------------------------------------------------------------
Test set: edu.merrimack.fop2.mazerunner.DirectedGraphTest
-------------------------------------------------------------------------------
Tests run: 10, Failures: 9, Errors: 0, Skipped: 0, Time elapsed: 0.045 sec <<< FAILURE!
edu.merrimack.fop2.mazerunner.DirectedGraphTest.testGetPathNullStartGraph()  Time elapsed: 0.014 sec  <<< FAILURE!
java.lang.NullPointerException: Cannot invoke "Object.hashCode()" because "key" is null
	at edu.merrimack.fop2.mazerunner.LinkedDictionary.getHashIndex(LinkedDictionary.java:187)
	at edu.merrimack.fop2.mazerunner.LinkedDictionary.getValue(LinkedDictionary.java:104)
	at edu.merrimack.fop2.mazerunner.DirectedGraph.getPath(DirectedGraph.java:190)
	at edu.merrimack.fop2.mazerunner.DirectedGraphTest.testGetPathNullStartGraph(DirectedGraphTest.java:21)

edu.merrimack.fop2.mazerunner.DirectedGraphTest.testTwoPossiblePaths()  Time elapsed: 0.024 sec  <<< FAILURE!
org.opentest4j.AssertionFailedError: expected: <00> but was: <20>
	at org.junit.jupiter.api.AssertionUtils.fail(AssertionUtils.java:55)
	at org.junit.jupiter.api.AssertionUtils.failNotEqual(AssertionUtils.java:62)
	at org.junit.jupiter.api.AssertEquals.assertEquals(AssertEquals.java:182)
	at org.junit.jupiter.api.AssertEquals.assertEquals(AssertEquals.java:177)
	at org.junit.jupiter.api.Assertions.assertEquals(Assertions.java:1124)
	at edu.merrimack.fop2.mazerunner.DirectedGraphTest.testTwoPossiblePaths(DirectedGraphTest.java:256)

edu.merrimack.fop2.mazerunner.DirectedGraphTest.testGetPathNullEndGraph()  Time elapsed: 0.001 sec  <<< FAILURE!
java.lang.NullPointerException: Cannot invoke "Object.hashCode()" because "key" is null
	at edu.merrimack.fop2.mazerunner.LinkedDictionary.getHashIndex(LinkedDictionary.java:187)
	at edu.merrimack.fop2.mazerunner.LinkedDictionary.getValue(LinkedDictionary.java:104)
	at edu.merrimack.fop2.mazerunner.DirectedGraph.getPath(DirectedGraph.java:191)
	at edu.merrimack.fop2.mazerunner.DirectedGraphTest.testGetPathNullEndGraph(DirectedGraphTest.java:31)

edu.merrimack.fop2.mazerunner.DirectedGraphTest.testSimplePathTopToBottom()  Time elapsed: 0 sec  <<< FAILURE!
java.lang.IndexOutOfBoundsException: Invalid index.
	at edu.merrimack.fop2.mazerunner.LinkedList.getEntry(LinkedList.java:152)
	at edu.merrimack.fop2.mazerunner.DirectedGraphTest.testSimplePathTopToBottom(DirectedGraphTest.java:139)

edu.merrimack.fop2.mazerunner.DirectedGraphTest.testSimplePathRightToLeft()  Time elapsed: 0.001 sec  <<< FAILURE!
java.lang.IndexOutOfBoundsException: Invalid index.
	at edu.merrimack.fop2.mazerunner.LinkedList.getEntry(LinkedList.java:152)
	at edu.merrimack.fop2.mazerunner.DirectedGraphTest.testSimplePathRightToLeft(DirectedGraphTest.java:110)

edu.merrimack.fop2.mazerunner.DirectedGraphTest.testSimplePathLeftToRight()  Time elapsed: 0.001 sec  <<< FAILURE!
java.lang.IndexOutOfBoundsException: Invalid index.
	at edu.merrimack.fop2.mazerunner.LinkedList.getEntry(LinkedList.java:152)
	at edu.merrimack.fop2.mazerunner.DirectedGraphTest.testSimplePathLeftToRight(DirectedGraphTest.java:80)

edu.merrimack.fop2.mazerunner.DirectedGraphTest.testStartAndEndSame()  Time elapsed: 0 sec  <<< FAILURE!
java.lang.IndexOutOfBoundsException: Invalid index.
	at edu.merrimack.fop2.mazerunner.LinkedList.getEntry(LinkedList.java:152)
	at edu.merrimack.fop2.mazerunner.DirectedGraphTest.testStartAndEndSame(DirectedGraphTest.java:54)

edu.merrimack.fop2.mazerunner.DirectedGraphTest.testGetPathEmptyGraph()  Time elapsed: 0 sec  <<< FAILURE!
java.lang.NullPointerException: Cannot invoke "edu.merrimack.fop2.mazerunner.Vertex.isVisited()" because "startVert" is null
	at edu.merrimack.fop2.mazerunner.DirectedGraph.getPath(DirectedGraph.java:201)
	at edu.merrimack.fop2.mazerunner.DirectedGraphTest.testGetPathEmptyGraph(DirectedGraphTest.java:41)

edu.merrimack.fop2.mazerunner.DirectedGraphTest.testSimplePathBottomToTop()  Time elapsed: 0.001 sec  <<< FAILURE!
java.lang.IndexOutOfBoundsException: Invalid index.
	at edu.merrimack.fop2.mazerunner.LinkedList.getEntry(LinkedList.java:152)
	at edu.merrimack.fop2.mazerunner.DirectedGraphTest.testSimplePathBottomToTop(DirectedGraphTest.java:168)

